生成启动时间为 2016/3/2 11:00:34。
     1>项目“F:\watermarkUI\watermarkUI\watermarkUI\watermarkUI.vcxproj”在节点 2 上(Build 个目标)。
     1>ClCompile:
         D:\Program Files (x86)\Microsoft Visual Studio 14.0\VC\bin\CL.exe /c /AI"C:\Program Files (x86)\Reference Assemblies\Microsoft\Framework\.NETFramework\v4.5.2\\" /AI"C:\Program Files (x86)\Windows Kits\10\References" /AI"C:\Program Files (x86)\Reference Assemblies\Microsoft\Framework\.NETFramework\v4.5.2\Facades\\" /Zi /clr /nologo /W3 /WX- /Od /Oy- /D WIN32 /D _DEBUG /D _UNICODE /D UNICODE /EHa /MDd /GS /fp:precise /Zc:wchar_t /Zc:forScope /Zc:inline /Fo"Debug\\" /Fd"Debug\vc140.pdb" /TP /FU"C:\Program Files (x86)\Reference Assemblies\Microsoft\Framework\.NETFramework\v4.5.2\mscorlib.dll" /FU"C:\Program Files (x86)\Reference Assemblies\Microsoft\Framework\.NETFramework\v4.5.2\System.Data.dll" /FU"C:\Program Files (x86)\Reference Assemblies\Microsoft\Framework\.NETFramework\v4.5.2\System.dll" /FU"C:\Program Files (x86)\Reference Assemblies\Microsoft\Framework\.NETFramework\v4.5.2\System.Drawing.dll" /FU"C:\Program Files (x86)\Reference Assemblies\Microsoft\Framework\.NETFramework\v4.5.2\System.Windows.Forms.dll" /FU"C:\Program Files (x86)\Reference Assemblies\Microsoft\Framework\.NETFramework\v4.5.2\System.Xml.dll" /analyze- /errorReport:prompt /clr:nostdlib Arnold.cpp
         Arnold.cpp
     1>d:\opencv\build\include\opencv2\flann\logger.h(66): warning C4996: 'fopen': This function or variable may be unsafe. Consider using fopen_s instead. To disable deprecation, use _CRT_SECURE_NO_WARNINGS. See online help for details.
         C:\Program Files (x86)\Windows Kits\10\Include\10.0.10240.0\ucrt\stdio.h(205): note: 参见“fopen”的声明
     1>Arnold.cpp(55): warning C4244: “初始化”: 从“double”转换到“int”，可能丢失数据
     1>Arnold.cpp(56): warning C4244: “初始化”: 从“double”转换到“int”，可能丢失数据
     1>Arnold.cpp(59): warning C4244: “参数”: 从“time_t”转换到“unsigned int”，可能丢失数据
     1>Arnold.cpp(71): warning C4244: “参数”: 从“double”转换到“int”，可能丢失数据
     1>Arnold.cpp(109): warning C4244: “初始化”: 从“double”转换到“int”，可能丢失数据
     1>Arnold.cpp(110): warning C4244: “初始化”: 从“double”转换到“int”，可能丢失数据
     1>Arnold.cpp(115): warning C4244: “参数”: 从“double”转换到“int”，可能丢失数据
       Link:
         D:\Program Files (x86)\Microsoft Visual Studio 14.0\VC\bin\link.exe /ERRORREPORT:PROMPT /OUT:"F:\watermarkUI\watermarkUI\Debug\watermarkUI.exe" /INCREMENTAL /NOLOGO /LIBPATH:"D:\Program Files (x86)\Microsoft Visual Studio 14.0\VC\lib" avcodec.lib avformat.lib avutil.lib avdevice.lib avfilter.lib postproc.lib swresample.lib swscale.lib opencv_ml249d.lib opencv_calib3d249d.lib opencv_contrib249d.lib opencv_core249d.lib opencv_features2d249d.lib opencv_flann249d.lib opencv_gpu249d.lib opencv_highgui249d.lib opencv_imgproc249d.lib opencv_legacy249d.lib opencv_objdetect249d.lib opencv_video249d.lib opencv_nonfree249d.lib opencv_ocl249d.lib opencv_photo249d.lib opencv_stitching249d.lib opencv_superres249d.lib opencv_videostab249d.lib /ASSEMBLYRESOURCE:Debug\watermarkUI.MyForm.resources /ASSEMBLYRESOURCE:Debug\watermarkUI.MyForm2.resources /MANIFEST /MANIFESTUAC:"level='asInvoker' uiAccess='false'" /manifest:embed /Debug /PDB:"F:\watermarkUI\watermarkUI\Debug\watermarkUI.pdb" /ASSEMBLYDEBUG /TLBID:1 /DYNAMICBASE /FIXED:NO /NXCOMPAT /MACHINE:X86 Debug\Arnold.obj
         Debug\DCT.obj
         Debug\MyForm.obj
         Debug\sift.obj
         Debug\videowatermark.obj
         "Debug\.NETFramework,Version=v4.5.2.AssemblyAttributes.obj"
     1>videowatermark.obj : warning LNK4248: 无法解析 typeref 标记(01000031)(为“SwsContext”)；映像可能无法运行
     1>videowatermark.obj : warning LNK4248: 无法解析 typeref 标记(0100003C)(为“AVDictionary”)；映像可能无法运行
         watermarkUI.vcxproj -> F:\watermarkUI\watermarkUI\Debug\watermarkUI.exe
     1>已完成生成项目“F:\watermarkUI\watermarkUI\watermarkUI\watermarkUI.vcxproj”(Build 个目标)的操作。

已成功生成。

已用时间 00:00:02.18
